#
# A fatal error has been detected by the Java Runtime Environment:
#
#  EXCEPTION_ACCESS_VIOLATION (0xc0000005) at pc=0x00000000645cac91, pid=1352, tid=6560
#
# JRE version: Java(TM) SE Runtime Environment (7.0_51-b13) (build 1.7.0_51-b13)
# Java VM: Java HotSpot(TM) 64-Bit Server VM (24.51-b03 mixed mode windows-amd64 compressed oops)
# Problematic frame:
# V  [jvm.dll+0x38ac91]
#
# Failed to write core dump. Minidumps are not enabled by default on client versions of Windows
#
# If you would like to submit a bug report, please visit:
#   http://bugreport.sun.com/bugreport/crash.jsp
#

---------------  T H R E A D  ---------------

Current thread (0x00000000022bb000):  GCTaskThread [stack: 0x0000000005d40000,0x0000000005e40000] [id=6560]

siginfo: ExceptionCode=0xc0000005, reading address 0xffffffffffffffff

Registers:
RAX=0x000000077b6205a8, RBX=0x000000078367ffc8, RCX=0x000000077b620638, RDX=0x000000078367ffc8
RSP=0x0000000005e3fa70, RBP=0x000000000000000c, RSI=0x000000078367ffc8, RDI=0x0000000783680000
R8 =0x00000000058a73fe, R9 =0x0000000000000000, R10=0x0000000005890000, R11=0x0000000001c8c000
R12=0x0000000783690000, R13=0x000000000a7004c0, R14=0x00000000022ad640, R15=0x00000000022ad790
RIP=0x00000000645cac91, EFLAGS=0x0000000000010246

Top of Stack: (sp=0x0000000005e3fa70)
0x0000000005e3fa70:   0000000000000000 0000124400000670
0x0000000005e3fa80:   000000000a7004c0 00000000054a0201
0x0000000005e3fa90:   0000000783650008 00000000645cb16d
0x0000000005e3faa0:   00000000054a0480 0000000783680000
0x0000000005e3fab0:   00000000054a0282 00007ffba0ac1484
0x0000000005e3fac0:   00000000054a0400 00000000054db445
0x0000000005e3fad0:   0000000000000200 0000000000000000
0x0000000005e3fae0:   00000000022a0750 00000000022b71a0
0x0000000005e3faf0:   00000000647fedb8 0000000000000000
0x0000000005e3fb00:   0000000000000000 0000000002341e30
0x0000000005e3fb10:   00000000022bb260 00000000022bb250
0x0000000005e3fb20:   000000000a7004c0 00000000645df142
0x0000000005e3fb30:   00000000054a0400 00000000022ad790
0x0000000005e3fb40:   0000000783690000 000000078ac889f8
0x0000000005e3fb50:   000000000a7004c0 0000000000000000
0x0000000005e3fb60:   0000000000000004 00000000022b1ae0 

Instructions: (pc=0x00000000645cac91)
0x00000000645cac71:   0f b6 c8 49 8d 04 10 49 f7 d0 4c 03 c8 49 c1 e8
0x00000000645cac81:   03 49 c1 e9 03 45 23 c8 eb 0f 48 8b 01 48 8b d3
0x00000000645cac91:   ff 90 a8 00 00 00 44 8b c8 49 63 c1 48 8d 1c c3
0x00000000645caca1:   48 3b df 0f 86 56 ff ff ff 48 8b 6c 24 30 48 8b 


Register to memory mapping:

RAX=0x000000077b6205a8 is an oop
{constMethod} 
 - klass: {other class}
 - constants:       0x000000077b61f620 constant pool [340] for 'java/lang/Throwable' cache=0x000000077b69fc48
RBX=
[error occurred during error reporting (printing register info), id 0xc0000005]

Stack: [0x0000000005d40000,0x0000000005e40000],  sp=0x0000000005e3fa70,  free space=1022k
Native frames: (J=compiled Java code, j=interpreted, Vv=VM code, C=native code)
V  [jvm.dll+0x38ac91]


---------------  P R O C E S S  ---------------

Java Threads: ( => current thread )
  0x000000000a75e800 JavaThread "Service Thread" daemon [_thread_blocked, id=5616, stack(0x000000000beb0000,0x000000000bfb0000)]
  0x000000000a74e800 JavaThread "C2 CompilerThread1" daemon [_thread_blocked, id=6660, stack(0x000000000bdb0000,0x000000000beb0000)]
  0x000000000a743800 JavaThread "C2 CompilerThread0" daemon [_thread_blocked, id=6512, stack(0x000000000bcb0000,0x000000000bdb0000)]
  0x000000000a742800 JavaThread "Attach Listener" daemon [_thread_blocked, id=6540, stack(0x000000000bbb0000,0x000000000bcb0000)]
  0x000000000a73f800 JavaThread "Signal Dispatcher" daemon [_thread_blocked, id=4544, stack(0x000000000bab0000,0x000000000bbb0000)]
  0x000000000a70c800 JavaThread "Finalizer" daemon [_thread_blocked, id=4672, stack(0x000000000b9b0000,0x000000000bab0000)]
  0x000000000a703800 JavaThread "Reference Handler" daemon [_thread_blocked, id=2832, stack(0x000000000b8b0000,0x000000000b9b0000)]
  0x000000000222d800 JavaThread "main" [_thread_blocked, id=5164, stack(0x00000000020f0000,0x00000000021f0000)]

Other Threads:
  0x000000000a701800 VMThread [stack: 0x000000000b7b0000,0x000000000b8b0000] [id=6356]
  0x000000000a768000 WatcherThread [stack: 0x000000000bfb0000,0x000000000c0b0000] [id=4048]

=>0x00000000022bb000 (exited) GCTaskThread [stack: 0x0000000005d40000,0x0000000005e40000] [id=6560]

VM state:at safepoint (normal execution)

VM Mutex/Monitor currently owned by a thread:  ([mutex/lock_event])
[0x000000000222c900] Threads_lock - owner thread: 0x000000000a701800
[0x000000000222c300] Heap_lock - owner thread: 0x000000000222d800

Heap
 PSYoungGen      total 201728K, used 198605K [0x00000007d5800000, 0x00000007eb200000, 0x0000000800000000)
  eden space 127488K, 97% used [0x00000007d5800000,0x00000007dd175c50,0x00000007dd480000)
  from space 74240K, 99% used [0x00000007e3300000,0x00000007e7b7db20,0x00000007e7b80000)
  to   space 96768K, 6% used [0x00000007dd480000,0x00000007ddb00010,0x00000007e3300000)
 ParOldGen       total 248320K, used 170650K [0x0000000780800000, 0x000000078fa80000, 0x00000007d5800000)
  object space 248320K, 68% used [0x0000000780800000,0x000000078aea6ae8,0x000000078fa80000)
 PSPermGen       total 21504K, used 4370K [0x000000077b600000, 0x000000077cb00000, 0x0000000780800000)
  object space 21504K, 20% used [0x000000077b600000,0x000000077ba44ad8,0x000000077cb00000)

Card table byte_map: [0x0000000005460000,0x0000000005890000] byte_map_base: 0x0000000001885000

Polling page: 0x00000000008e0000

Code Cache  [0x00000000023a0000, 0x0000000002610000, 0x00000000053a0000)
 total_blobs=469 nmethods=234 adapters=188 free_code_cache=48190Kb largest_free_block=49319360

Compilation events (10 events):
Event: 4.290 Thread 0x000000000a74e800 nmethod 229 0x0000000002441750 code [0x0000000002441880, 0x0000000002441938]
Event: 4.290 Thread 0x000000000a74e800  231             java.util.LinkedHashMap$LinkedHashIterator::<init> (6 bytes)
Event: 4.291 Thread 0x000000000a743800 nmethod 230 0x0000000002441450 code [0x0000000002441580, 0x0000000002441638]
Event: 4.291 Thread 0x000000000a743800  232             java.util.LinkedHashMap$LinkedHashIterator::<init> (40 bytes)
Event: 4.291 Thread 0x000000000a74e800 nmethod 231 0x000000000248c010 code [0x000000000248c140, 0x000000000248c1f8]
Event: 4.291 Thread 0x000000000a74e800  233             com.google.gson.stream.JsonWriter::close (95 bytes)
Event: 4.292 Thread 0x000000000a743800 nmethod 232 0x0000000002441190 code [0x00000000024412c0, 0x0000000002441378]
Event: 4.293 Thread 0x000000000a74e800 nmethod 233 0x000000000248ba90 code [0x000000000248bbe0, 0x000000000248bda8]
Event: 4.294 Thread 0x000000000a743800  234 %           com.google.gson.internal.bind.MapTypeAdapterFactory$Adapter::write @ 37 (386 bytes)
Event: 4.304 Thread 0x000000000a743800 nmethod 234% 0x000000000248aa90 code [0x000000000248ac40, 0x000000000248b368]

GC Heap History (10 events):
Event: 1.152 GC heap after
Heap after GC invocations=6 (full 1):
 PSYoungGen      total 138240K, used 5120K [0x00000007d5800000, 0x00000007e2b80000, 0x0000000800000000)
  eden space 133120K, 0% used [0x00000007d5800000,0x00000007d5800000,0x00000007dda00000)
  from space 5120K, 100% used [0x00000007dda00000,0x00000007ddf00000,0x00000007ddf00000)
  to   space 37376K, 0% used [0x00000007e0700000,0x00000007e0700000,0x00000007e2b80000)
 ParOldGen       total 128512K, used 92492K [0x0000000780800000, 0x0000000788580000, 0x00000007d5800000)
  object space 128512K, 71% used [0x0000000780800000,0x00000007862532b0,0x0000000788580000)
 PSPermGen       total 21504K, used 4262K [0x000000077b600000, 0x000000077cb00000, 0x0000000780800000)
  object space 21504K, 19% used [0x000000077b600000,0x000000077ba29858,0x000000077cb00000)
}
Event: 1.318 GC heap before
{Heap before GC invocations=7 (full 1):
 PSYoungGen      total 138240K, used 133404K [0x00000007d5800000, 0x00000007e2b80000, 0x0000000800000000)
  eden space 133120K, 96% used [0x00000007d5800000,0x00000007dd547288,0x00000007dda00000)
  from space 5120K, 100% used [0x00000007dda00000,0x00000007ddf00000,0x00000007ddf00000)
  to   space 37376K, 0% used [0x00000007e0700000,0x00000007e0700000,0x00000007e2b80000)
 ParOldGen       total 128512K, used 92492K [0x0000000780800000, 0x0000000788580000, 0x00000007d5800000)
  object space 128512K, 71% used [0x0000000780800000,0x00000007862532b0,0x0000000788580000)
 PSPermGen       total 21504K, used 4287K [0x000000077b600000, 0x000000077cb00000, 0x0000000780800000)
  object space 21504K, 19% used [0x000000077b600000,0x000000077ba2fc38,0x000000077cb00000)
Event: 1.360 GC heap after
Heap after GC invocations=7 (full 1):
 PSYoungGen      total 155136K, used 37348K [0x00000007d5800000, 0x00000007e9580000, 0x0000000800000000)
  eden space 117760K, 0% used [0x00000007d5800000,0x00000007d5800000,0x00000007dcb00000)
  from space 37376K, 99% used [0x00000007e0700000,0x00000007e2b79288,0x00000007e2b80000)
  to   space 61440K, 0% used [0x00000007dcb00000,0x00000007dcb00000,0x00000007e0700000)
 ParOldGen       total 128512K, used 118647K [0x0000000780800000, 0x0000000788580000, 0x00000007d5800000)
  object space 128512K, 92% used [0x0000000780800000,0x0000000787bddc10,0x0000000788580000)
 PSPermGen       total 21504K, used 4287K [0x000000077b600000, 0x000000077cb00000, 0x0000000780800000)
  object space 21504K, 19% used [0x000000077b600000,0x000000077ba2fc38,0x000000077cb00000)
}
Event: 1.360 GC heap before
{Heap before GC invocations=8 (full 2):
 PSYoungGen      total 155136K, used 37348K [0x00000007d5800000, 0x00000007e9580000, 0x0000000800000000)
  eden space 117760K, 0% used [0x00000007d5800000,0x00000007d5800000,0x00000007dcb00000)
  from space 37376K, 99% used [0x00000007e0700000,0x00000007e2b79288,0x00000007e2b80000)
  to   space 61440K, 0% used [0x00000007dcb00000,0x00000007dcb00000,0x00000007e0700000)
 ParOldGen       total 128512K, used 118647K [0x0000000780800000, 0x0000000788580000, 0x00000007d5800000)
  object space 128512K, 92% used [0x0000000780800000,0x0000000787bddc10,0x0000000788580000)
 PSPermGen       total 21504K, used 4287K [0x000000077b600000, 0x000000077cb00000, 0x0000000780800000)
  object space 21504K, 19% used [0x000000077b600000,0x000000077ba2fc38,0x000000077cb00000)
Event: 2.188 GC heap after
Heap after GC invocations=8 (full 2):
 PSYoungGen      total 155136K, used 37329K [0x00000007d5800000, 0x00000007e9580000, 0x0000000800000000)
  eden space 117760K, 0% used [0x00000007d5800000,0x00000007d5800000,0x00000007dcb00000)
  from space 37376K, 99% used [0x00000007e0700000,0x00000007e2b744a8,0x00000007e2b80000)
  to   space 61440K, 0% used [0x00000007dcb00000,0x00000007dcb00000,0x00000007e0700000)
 ParOldGen       total 248320K, used 118204K [0x0000000780800000, 0x000000078fa80000, 0x00000007d5800000)
  object space 248320K, 47% used [0x0000000780800000,0x0000000787b6f190,0x000000078fa80000)
 PSPermGen       total 21504K, used 4287K [0x000000077b600000, 0x000000077cb00000, 0x0000000780800000)
  object space 21504K, 19% used [0x000000077b600000,0x000000077ba2fc18,0x000000077cb00000)
}
Event: 2.303 GC heap before
{Heap before GC invocations=9 (full 2):
 PSYoungGen      total 155136K, used 155089K [0x00000007d5800000, 0x00000007e9580000, 0x0000000800000000)
  eden space 117760K, 100% used [0x00000007d5800000,0x00000007dcb00000,0x00000007dcb00000)
  from space 37376K, 99% used [0x00000007e0700000,0x00000007e2b744a8,0x00000007e2b80000)
  to   space 61440K, 0% used [0x00000007dcb00000,0x00000007dcb00000,0x00000007e0700000)
 ParOldGen       total 248320K, used 118204K [0x0000000780800000, 0x000000078fa80000, 0x00000007d5800000)
  object space 248320K, 47% used [0x0000000780800000,0x0000000787b6f190,0x000000078fa80000)
 PSPermGen       total 21504K, used 4287K [0x000000077b600000, 0x000000077cb00000, 0x0000000780800000)
  object space 21504K, 19% used [0x000000077b600000,0x000000077ba2fe30,0x000000077cb00000)
Event: 2.374 GC heap after
Heap after GC invocations=9 (full 2):
 PSYoungGen      total 179200K, used 59830K [0x00000007d5800000, 0x00000007e7b80000, 0x0000000800000000)
  eden space 117760K, 0% used [0x00000007d5800000,0x00000007d5800000,0x00000007dcb00000)
  from space 61440K, 97% used [0x00000007dcb00000,0x00000007e056db20,0x00000007e0700000)
  to   space 74240K, 0% used [0x00000007e3300000,0x00000007e3300000,0x00000007e7b80000)
 ParOldGen       total 248320K, used 151393K [0x0000000780800000, 0x000000078fa80000, 0x00000007d5800000)
  object space 248320K, 60% used [0x0000000780800000,0x0000000789bd8418,0x000000078fa80000)
 PSPermGen       total 21504K, used 4287K [0x000000077b600000, 0x000000077cb00000, 0x0000000780800000)
  object space 21504K, 19% used [0x000000077b600000,0x000000077ba2fe30,0x000000077cb00000)
}
Event: 2.505 GC heap before
{Heap before GC invocations=10 (full 2):
 PSYoungGen      total 179200K, used 177590K [0x00000007d5800000, 0x00000007e7b80000, 0x0000000800000000)
  eden space 117760K, 100% used [0x00000007d5800000,0x00000007dcb00000,0x00000007dcb00000)
  from space 61440K, 97% used [0x00000007dcb00000,0x00000007e056db20,0x00000007e0700000)
  to   space 74240K, 0% used [0x00000007e3300000,0x00000007e3300000,0x00000007e7b80000)
 ParOldGen       total 248320K, used 151393K [0x0000000780800000, 0x000000078fa80000, 0x00000007d5800000)
  object space 248320K, 60% used [0x0000000780800000,0x0000000789bd8418,0x000000078fa80000)
 PSPermGen       total 21504K, used 4288K [0x000000077b600000, 0x000000077cb00000, 0x0000000780800000)
  object space 21504K, 19% used [0x000000077b600000,0x000000077ba30050,0x000000077cb00000)
Event: 2.611 GC heap after
Heap after GC invocations=10 (full 2):
 PSYoungGen      total 201728K, used 74230K [0x00000007d5800000, 0x00000007eb200000, 0x0000000800000000)
  eden space 127488K, 0% used [0x00000007d5800000,0x00000007d5800000,0x00000007dd480000)
  from space 74240K, 99% used [0x00000007e3300000,0x00000007e7b7db20,0x00000007e7b80000)
  to   space 96768K, 0% used [0x00000007dd480000,0x00000007dd480000,0x00000007e3300000)
 ParOldGen       total 248320K, used 168482K [0x0000000780800000, 0x000000078fa80000, 0x00000007d5800000)
  object space 248320K, 67% used [0x0000000780800000,0x000000078ac889f8,0x000000078fa80000)
 PSPermGen       total 21504K, used 4288K [0x000000077b600000, 0x000000077cb00000, 0x0000000780800000)
  object space 21504K, 19% used [0x000000077b600000,0x000000077ba30050,0x000000077cb00000)
}
Event: 4.335 GC heap before
{Heap before GC invocations=11 (full 2):
 PSYoungGen      total 201728K, used 198605K [0x00000007d5800000, 0x00000007eb200000, 0x0000000800000000)
  eden space 127488K, 97% used [0x00000007d5800000,0x00000007dd175c50,0x00000007dd480000)
  from space 74240K, 99% used [0x00000007e3300000,0x00000007e7b7db20,0x00000007e7b80000)
  to   space 96768K, 0% used [0x00000007dd480000,0x00000007dd480000,0x00000007e3300000)
 ParOldGen       total 248320K, used 168482K [0x0000000780800000, 0x000000078fa80000, 0x00000007d5800000)
  object space 248320K, 67% used [0x0000000780800000,0x000000078ac889f8,0x000000078fa80000)
 PSPermGen       total 21504K, used 4370K [0x000000077b600000, 0x000000077cb00000, 0x0000000780800000)
  object space 21504K, 20% used [0x000000077b600000,0x000000077ba44ad8,0x000000077cb00000)

Deoptimization events (10 events):
Event: 3.815 Thread 0x000000000222d800 Uncommon trap: reason=unreached action=reinterpret pc=0x0000000002462490 method=cot.CoTCounter.generateDocumentFrequencyForCots(Ljava/util/HashMap;)Ljava/util/HashMap; @ 229
Event: 3.815 Thread 0x000000000222d800 Uncommon trap: reason=class_check action=maybe_recompile pc=0x00000000024400c8 method=java.lang.String.valueOf(Ljava/lang/Object;)Ljava/lang/String; @ 10
Event: 3.815 Thread 0x000000000222d800 Uncommon trap: reason=class_check action=maybe_recompile pc=0x00000000024400c8 method=java.lang.String.valueOf(Ljava/lang/Object;)Ljava/lang/String; @ 10
Event: 3.815 Thread 0x000000000222d800 Uncommon trap: reason=class_check action=maybe_recompile pc=0x00000000024400c8 method=java.lang.String.valueOf(Ljava/lang/Object;)Ljava/lang/String; @ 10
Event: 3.815 Thread 0x000000000222d800 Uncommon trap: reason=class_check action=maybe_recompile pc=0x00000000024400c8 method=java.lang.String.valueOf(Ljava/lang/Object;)Ljava/lang/String; @ 10
Event: 3.883 Thread 0x000000000222d800 Uncommon trap: reason=range_check action=make_not_entrant pc=0x0000000002467e88 method=java.lang.String.charAt(I)C @ 27
Event: 4.070 Thread 0x000000000222d800 Uncommon trap: reason=range_check action=make_not_entrant pc=0x00000000024747ac method=java.lang.String.charAt(I)C @ 27
Event: 4.076 Thread 0x000000000222d800 Uncommon trap: reason=unreached action=reinterpret pc=0x0000000002430d00 method=java.util.HashMap.get(Ljava/lang/Object;)Ljava/lang/Object; @ 17
Event: 4.081 Thread 0x000000000222d800 Uncommon trap: reason=unreached action=reinterpret pc=0x000000000241aaa8 method=java.lang.reflect.Field.getFieldAccessor(Ljava/lang/Object;)Lsun/reflect/FieldAccessor; @ 22
Event: 4.100 Thread 0x000000000222d800 Uncommon trap: reason=unreached action=reinterpret pc=0x000000000245828c method=com.google.gson.stream.JsonWriter.string(Ljava/lang/String;)V @ 68

Internal exceptions (10 events):
Event: 1.156 Thread 0x000000000222d800 Threw 0x00000007d5b48558 at C:\re\jdk7u51\527\hotspot\src\share\vm\prims\jvm.cpp:1244
Event: 1.157 Thread 0x000000000222d800 Threw 0x00000007d5b4a7b0 at C:\re\jdk7u51\527\hotspot\src\share\vm\interpreter\interpreterRuntime.cpp:347
Event: 1.157 Thread 0x000000000222d800 Threw 0x00000007d5b4c6d0 at C:\re\jdk7u51\527\hotspot\src\share\vm\interpreter\interpreterRuntime.cpp:347
Event: 1.157 Thread 0x000000000222d800 Threw 0x00000007d5b4d138 at C:\re\jdk7u51\527\hotspot\src\share\vm\interpreter\interpreterRuntime.cpp:347
Event: 1.158 Thread 0x000000000222d800 Threw 0x00000007d5b4d760 at C:\re\jdk7u51\527\hotspot\src\share\vm\prims\jvm.cpp:1244
Event: 1.168 Thread 0x000000000222d800 Threw 0x00000007d5b54778 at C:\re\jdk7u51\527\hotspot\src\share\vm\interpreter\interpreterRuntime.cpp:347
Event: 1.169 Thread 0x000000000222d800 Implicit null exception at 0x000000000241ff55 to 0x00000000024200b1
Event: 2.660 Thread 0x000000000222d800 Threw 0x00000007d7faae30 at C:\re\jdk7u51\527\hotspot\src\share\vm\prims\jvm.cpp:1244
Event: 4.075 Thread 0x000000000222d800 Threw 0x00000007dbc5ddb0 at C:\re\jdk7u51\527\hotspot\src\share\vm\prims\jvm.cpp:1244
Event: 4.076 Thread 0x000000000222d800 Threw 0x00000007dbc65658 at C:\re\jdk7u51\527\hotspot\src\share\vm\prims\jvm.cpp:1244

Events (10 events):
Event: 4.081 loading class 0x000000000c1543b0
Event: 4.081 loading class 0x000000000c1543b0 done
Event: 4.100 Thread 0x000000000222d800 Uncommon trap: trap_request=0xffffffad fr.pc=0x000000000245828c
Event: 4.100 Thread 0x000000000222d800 DEOPT PACKING pc=0x000000000245828c sp=0x00000000021ef2d0
Event: 4.100 Thread 0x000000000222d800 DEOPT UNPACKING pc=0x00000000023d9064 sp=0x00000000021ef298 mode 2
Event: 4.159 Executing VM operation: EnableBiasedLocking
Event: 4.159 Executing VM operation: EnableBiasedLocking done
Event: 4.278 loading class 0x0000000002323620
Event: 4.278 loading class 0x0000000002323620 done
Event: 4.335 Executing VM operation: ParallelGCFailedAllocation


Dynamic libraries:
0x00007ff6163c0000 - 0x00007ff6163f3000 	C:\Program Files\Java\jre7\bin\javaw.exe
0x00007ffba3440000 - 0x00007ffba35e9000 	C:\Windows\SYSTEM32\ntdll.dll
0x00007ffba0f40000 - 0x00007ffba1079000 	C:\Windows\system32\KERNEL32.DLL
0x00007ffba0ac0000 - 0x00007ffba0bcf000 	C:\Windows\system32\KERNELBASE.dll
0x00007ffb9f3f0000 - 0x00007ffb9f47b000 	C:\Windows\system32\apphelp.dll
0x00007ffb99360000 - 0x00007ffb993af000 	C:\Windows\AppPatch\AppPatch64\AcGenral.DLL
0x00007ffba1360000 - 0x00007ffba1407000 	C:\Windows\system32\msvcrt.dll
0x00007ffba0600000 - 0x00007ffba062b000 	C:\Windows\SYSTEM32\SspiCli.dll
0x00007ffba19a0000 - 0x00007ffba19f1000 	C:\Windows\system32\SHLWAPI.dll
0x00007ffba1ac0000 - 0x00007ffba1c31000 	C:\Windows\system32\USER32.dll
0x00007ffba17a0000 - 0x00007ffba1916000 	C:\Windows\system32\ole32.dll
0x00007ffba1fd0000 - 0x00007ffba33df000 	C:\Windows\system32\SHELL32.dll
0x00007ffb9fef0000 - 0x00007ffb9ff0f000 	C:\Windows\SYSTEM32\USERENV.dll
0x00007ffba1c40000 - 0x00007ffba1ce5000 	C:\Windows\system32\ADVAPI32.dll
0x00007ffb97fb0000 - 0x00007ffb97fcb000 	C:\Windows\SYSTEM32\MPR.dll
0x00007ffba1cf0000 - 0x00007ffba1e26000 	C:\Windows\system32\RPCRT4.dll
0x00007ffba0eb0000 - 0x00007ffba0f07000 	C:\Windows\SYSTEM32\sechost.dll
0x00007ffba1140000 - 0x00007ffba1317000 	C:\Windows\SYSTEM32\combase.dll
0x00007ffba1650000 - 0x00007ffba1795000 	C:\Windows\system32\GDI32.dll
0x00007ffba07c0000 - 0x00007ffba07d4000 	C:\Windows\SYSTEM32\profapi.dll
0x00007ffb9edf0000 - 0x00007ffb9ee91000 	C:\Windows\SYSTEM32\SHCORE.dll
0x00007ffba1320000 - 0x00007ffba1354000 	C:\Windows\system32\IMM32.DLL
0x00007ffba1510000 - 0x00007ffba1648000 	C:\Windows\system32\MSCTF.dll
0x00007ffb9e810000 - 0x00007ffb9ea6a000 	C:\Windows\WinSxS\amd64_microsoft.windows.common-controls_6595b64144ccf1df_6.0.9600.16384_none_62475f7becb72503\COMCTL32.dll
0x0000000064a10000 - 0x0000000064ae2000 	C:\Program Files\Java\jre7\bin\msvcr100.dll
0x0000000064240000 - 0x0000000064a09000 	C:\Program Files\Java\jre7\bin\server\jvm.dll
0x00007ffb99350000 - 0x00007ffb99359000 	C:\Windows\SYSTEM32\WSOCK32.dll
0x00007ffb94ee0000 - 0x00007ffb94eff000 	C:\Windows\SYSTEM32\WINMM.dll
0x00007ffba1980000 - 0x00007ffba1987000 	C:\Windows\system32\PSAPI.DLL
0x00007ffba1920000 - 0x00007ffba1978000 	C:\Windows\system32\WS2_32.dll
0x00007ffb94de0000 - 0x00007ffb94e0a000 	C:\Windows\SYSTEM32\WINMMBASE.dll
0x00007ffba1a00000 - 0x00007ffba1a09000 	C:\Windows\system32\NSI.dll
0x00007ffba0890000 - 0x00007ffba08da000 	C:\Windows\SYSTEM32\cfgmgr32.dll
0x00007ffb9f640000 - 0x00007ffb9f666000 	C:\Windows\SYSTEM32\DEVOBJ.dll
0x0000000064230000 - 0x000000006423f000 	C:\Program Files\Java\jre7\bin\verify.dll
0x0000000064200000 - 0x0000000064228000 	C:\Program Files\Java\jre7\bin\java.dll
0x00000000641e0000 - 0x00000000641f5000 	C:\Program Files\Java\jre7\bin\zip.dll
0x00000000641c0000 - 0x00000000641d9000 	C:\Program Files\Java\jre7\bin\net.dll
0x00007ffba0030000 - 0x00007ffba0088000 	C:\Windows\system32\mswsock.dll
0x00000000641a0000 - 0x00000000641b1000 	C:\Program Files\Java\jre7\bin\nio.dll
0x00007ffb9cad0000 - 0x00007ffb9cc58000 	C:\Windows\SYSTEM32\dbghelp.dll

VM Arguments:
jvm_args: -Dfile.encoding=UTF-8 
java_command: cot.CoTCounter
Launcher Type: SUN_STANDARD

Environment Variables:
PATH=C:\Windows\system32;C:\Windows;C:\Windows\System32\Wbem;C:\Windows\System32\WindowsPowerShell\v1.0\;C:\Program Files (x86)\ATI Technologies\ATI.ACE\Core-Static;C:\Program Files (x86)\Windows Kits\8.1\Windows Performance Toolkit\;C:\Program Files\Microsoft SQL Server\110\Tools\Binn\
USERNAME=Lars
OS=Windows_NT
PROCESSOR_IDENTIFIER=AMD64 Family 21 Model 1 Stepping 2, AuthenticAMD



---------------  S Y S T E M  ---------------

OS: Windows 8 , 64 bit Build 9200 

CPU:total 4 (4 cores per cpu, 1 threads per core) family 21 model 1 stepping 2, cmov, cx8, fxsr, mmx, sse, sse2, sse3, ssse3, sse4.1, sse4.2, popcnt, avx, aes, mmxext, 3dnowpref, lzcnt, sse4a, tsc, tscinvbit, tscinv

Memory: 4k page, physical 8355584k(4382256k free), swap 10321664k(5176136k free)

vm_info: Java HotSpot(TM) 64-Bit Server VM (24.51-b03) for windows-amd64 JRE (1.7.0_51-b13), built on Dec 18 2013 18:40:56 by "java_re" with unknown MS VC++:1600

time: Sun Mar 09 18:11:08 2014
elapsed time: 4 seconds

